2013-03-22 16:21:54 [SERVER] [INFO] Starting integrated minecraft server version 1.5.1
2013-03-22 16:21:54 [SERVER] [INFO] Generating keypair
2013-03-22 16:21:55 [SERVER] [INFO] Converting map!
2013-03-22 16:21:55 [SERVER] [INFO] Scanning folders...
2013-03-22 16:21:55 [SERVER] [INFO] Total conversion count is 0
2013-03-22 16:21:56 [SERVER] [INFO] Preparing start region for level 0
2013-03-22 16:21:57 [SERVER] [INFO] Preparing spawn area: 5%
2013-03-22 16:21:58 [SERVER] [INFO] Preparing spawn area: 9%
2013-03-22 16:21:59 [SERVER] [INFO] Preparing spawn area: 18%
2013-03-22 16:22:00 [SERVER] [INFO] Preparing spawn area: 29%
2013-03-22 16:22:01 [SERVER] [INFO] Preparing spawn area: 41%
2013-03-22 16:22:03 [SERVER] [INFO] Preparing spawn area: 54%
2013-03-22 16:22:04 [SERVER] [INFO] Preparing spawn area: 64%
2013-03-22 16:22:05 [SERVER] [INFO] Preparing spawn area: 81%
2013-03-22 16:22:06 [SERVER] [INFO] Preparing spawn area: 97%
2013-03-22 16:22:06 [SERVER] [INFO] Player88[/127.0.0.1:0] logged in with entity id 226 at (-191.5, 68.0, 227.5)
2013-03-22 16:22:09 [SERVER] [WARNING] Can't keep up! Did the system time change, or is the server overloaded?
2013-03-22 16:22:09 [SERVER] [INFO] Saving and pausing game...
2013-03-22 16:22:09 [SERVER] [INFO] Saving chunks for level 'New World'/Overworld
2013-03-22 16:22:33 [SERVER] [INFO] Saving chunks for level 'New World'/Nether
2013-03-22 16:22:33 [SERVER] [INFO] Saving chunks for level 'New World'/The End
2013-03-22 16:22:38 [SERVER] [WARNING] Can't keep up! Did the system time change, or is the server overloaded?
2013-03-22 16:23:18 [SERVER] [INFO] Saving and pausing game...
2013-03-22 16:23:18 [SERVER] [INFO] Saving chunks for level 'New World'/Overworld
2013-03-22 16:23:18 [SERVER] [INFO] Saving chunks for level 'New World'/Nether
2013-03-22 16:23:18 [SERVER] [INFO] Saving chunks for level 'New World'/The End
2013-03-22 16:23:22 [SERVER] [INFO] Saving and pausing game...
2013-03-22 16:23:22 [SERVER] [INFO] Saving chunks for level 'New World'/Overworld
2013-03-22 16:23:22 [SERVER] [INFO] Saving chunks for level 'New World'/Nether
2013-03-22 16:23:22 [SERVER] [INFO] Saving chunks for level 'New World'/The End
2013-03-22 16:23:46 [SERVER] [INFO] Saving and pausing game...
2013-03-22 16:23:46 [SERVER] [INFO] Saving chunks for level 'New World'/Overworld
2013-03-22 16:23:46 [SERVER] [INFO] Saving chunks for level 'New World'/Nether
2013-03-22 16:23:46 [SERVER] [INFO] Saving chunks for level 'New World'/The End
2013-03-22 16:23:54 [SERVER] [INFO] Saving and pausing game...
2013-03-22 16:23:54 [SERVER] [INFO] Saving chunks for level 'New World'/Overworld
2013-03-22 16:23:55 [SERVER] [INFO] Saving chunks for level 'New World'/Nether
2013-03-22 16:23:55 [SERVER] [INFO] Saving chunks for level 'New World'/The End
